INFO:root:Start logging at: Tue Jan 24 07:58:59 2023
DEBUG:urllib3.connectionpool:Starting new HTTPS connection (1): huggingface.co:443
DEBUG:urllib3.connectionpool:https://huggingface.co:443 "HEAD /bert-base-uncased/resolve/main/config.json HTTP/1.1" 200 0
DEBUG:urllib3.connectionpool:Starting new HTTPS connection (1): huggingface.co:443
DEBUG:urllib3.connectionpool:https://huggingface.co:443 "HEAD /bert-base-uncased/resolve/main/config.json HTTP/1.1" 200 0
DEBUG:urllib3.connectionpool:Starting new HTTPS connection (1): huggingface.co:443
DEBUG:urllib3.connectionpool:https://huggingface.co:443 "HEAD /bert-base-uncased/resolve/main/config.json HTTP/1.1" 200 0
DEBUG:urllib3.connectionpool:Starting new HTTPS connection (1): huggingface.co:443
DEBUG:urllib3.connectionpool:https://huggingface.co:443 "HEAD /bert-base-uncased/resolve/main/config.json HTTP/1.1" 200 0
DEBUG:urllib3.connectionpool:Starting new HTTPS connection (1): huggingface.co:443
DEBUG:urllib3.connectionpool:https://huggingface.co:443 "HEAD /bert-base-uncased/resolve/main/config.json HTTP/1.1" 200 0
DEBUG:urllib3.connectionpool:Starting new HTTPS connection (1): huggingface.co:443
DEBUG:urllib3.connectionpool:https://huggingface.co:443 "HEAD /bert-base-uncased/resolve/main/config.json HTTP/1.1" 200 0
DEBUG:urllib3.connectionpool:Starting new HTTPS connection (1): huggingface.co:443
DEBUG:urllib3.connectionpool:https://huggingface.co:443 "HEAD /bert-base-uncased/resolve/main/config.json HTTP/1.1" 200 0
DEBUG:urllib3.connectionpool:Starting new HTTPS connection (1): huggingface.co:443
DEBUG:urllib3.connectionpool:https://huggingface.co:443 "HEAD /bert-base-uncased/resolve/main/config.json HTTP/1.1" 200 0
DEBUG:urllib3.connectionpool:Starting new HTTPS connection (1): huggingface.co:443
DEBUG:urllib3.connectionpool:https://huggingface.co:443 "HEAD /bert-base-uncased/resolve/main/config.json HTTP/1.1" 200 0
DEBUG:urllib3.connectionpool:Starting new HTTPS connection (1): huggingface.co:443
DEBUG:urllib3.connectionpool:https://huggingface.co:443 "HEAD /bert-base-uncased/resolve/main/config.json HTTP/1.1" 200 0
INFO:root:Start logging at: Tue Jan 24 09:02:41 2023
DEBUG:urllib3.connectionpool:Starting new HTTPS connection (1): huggingface.co:443
DEBUG:urllib3.connectionpool:https://huggingface.co:443 "HEAD /bert-base-uncased/resolve/main/config.json HTTP/1.1" 200 0
INFO:root:RESQUE_BERT_FREEZED_9_0.pt
INFO:root:Statistics:
INFO:root:Predictions: tensor([1., 0., 0.,  ..., 1., 1., 1.], device='cuda:0')
INFO:root:Labels: tensor([1., 1., 0.,  ..., 1., 1., 1.], device='cuda:0')
INFO:root:Total Accuracy: 0.725920557975769
INFO:root:Table Accuracy: 0.7378973960876465
INFO:root:Attribute Accuracy: 0.7212972044944763
INFO:root:Function Accuracy: nan
DEBUG:urllib3.connectionpool:Starting new HTTPS connection (1): huggingface.co:443
DEBUG:urllib3.connectionpool:https://huggingface.co:443 "HEAD /bert-base-uncased/resolve/main/config.json HTTP/1.1" 200 0
INFO:root:RESQUE_BERT_FREEZED_7_1.pt
INFO:root:Statistics:
INFO:root:Predictions: tensor([0., 0., 0.,  ..., 1., 1., 1.], device='cuda:0')
INFO:root:Labels: tensor([1., 1., 0.,  ..., 1., 1., 1.], device='cuda:0')
INFO:root:Total Accuracy: 0.7434625625610352
INFO:root:Table Accuracy: 0.7597929239273071
INFO:root:Attribute Accuracy: 0.7371585369110107
INFO:root:Function Accuracy: nan
DEBUG:urllib3.connectionpool:Starting new HTTPS connection (1): huggingface.co:443
DEBUG:urllib3.connectionpool:https://huggingface.co:443 "HEAD /bert-base-uncased/resolve/main/config.json HTTP/1.1" 200 0
INFO:root:RESQUE_BERT_FREEZED_7_0.pt
INFO:root:Statistics:
INFO:root:Predictions: tensor([0., 0., 0.,  ..., 1., 1., 1.], device='cuda:0')
INFO:root:Labels: tensor([1., 1., 0.,  ..., 1., 1., 1.], device='cuda:0')
INFO:root:Total Accuracy: 0.7347313761711121
INFO:root:Table Accuracy: 0.7490239143371582
INFO:root:Attribute Accuracy: 0.729214072227478
INFO:root:Function Accuracy: nan
DEBUG:urllib3.connectionpool:Starting new HTTPS connection (1): huggingface.co:443
DEBUG:urllib3.connectionpool:https://huggingface.co:443 "HEAD /bert-base-uncased/resolve/main/config.json HTTP/1.1" 200 0
INFO:root:RESQUE_BERT_FREEZED_6_1.pt
INFO:root:Statistics:
INFO:root:Predictions: tensor([0., 0., 0.,  ..., 1., 1., 1.], device='cuda:0')
INFO:root:Labels: tensor([1., 1., 0.,  ..., 1., 1., 1.], device='cuda:0')
INFO:root:Total Accuracy: 0.7437373995780945
INFO:root:Table Accuracy: 0.7529281973838806
INFO:root:Attribute Accuracy: 0.7401894927024841
INFO:root:Function Accuracy: nan
DEBUG:urllib3.connectionpool:Starting new HTTPS connection (1): huggingface.co:443
DEBUG:urllib3.connectionpool:https://huggingface.co:443 "HEAD /bert-base-uncased/resolve/main/config.json HTTP/1.1" 200 0
INFO:root:RESQUE_BERT_FREEZED_6_0.pt
INFO:root:Statistics:
INFO:root:Predictions: tensor([0., 0., 0.,  ..., 1., 1., 1.], device='cuda:0')
INFO:root:Labels: tensor([1., 1., 0.,  ..., 1., 1., 1.], device='cuda:0')
INFO:root:Total Accuracy: 0.7264463305473328
INFO:root:Table Accuracy: 0.7093088030815125
INFO:root:Attribute Accuracy: 0.7330620884895325
INFO:root:Function Accuracy: nan
DEBUG:urllib3.connectionpool:Starting new HTTPS connection (1): huggingface.co:443
DEBUG:urllib3.connectionpool:https://huggingface.co:443 "HEAD /bert-base-uncased/resolve/main/config.json HTTP/1.1" 200 0
INFO:root:RESQUE_BERT_FREEZED_5_0.pt
INFO:root:Statistics:
INFO:root:Predictions: tensor([1., 0., 0.,  ..., 1., 1., 1.], device='cuda:0')
INFO:root:Labels: tensor([1., 1., 0.,  ..., 1., 1., 1.], device='cuda:0')
INFO:root:Total Accuracy: 0.7296488285064697
INFO:root:Table Accuracy: 0.7245255708694458
INFO:root:Attribute Accuracy: 0.7316266894340515
INFO:root:Function Accuracy: nan
DEBUG:urllib3.connectionpool:Starting new HTTPS connection (1): huggingface.co:443
DEBUG:urllib3.connectionpool:https://huggingface.co:443 "HEAD /bert-base-uncased/resolve/main/config.json HTTP/1.1" 200 0
INFO:root:RESQUE_BERT_FREEZED_5_1.pt
INFO:root:Statistics:
INFO:root:Predictions: tensor([0., 0., 0.,  ..., 1., 1., 1.], device='cuda:0')
INFO:root:Labels: tensor([1., 1., 0.,  ..., 1., 1., 1.], device='cuda:0')
INFO:root:Total Accuracy: 0.7586584091186523
INFO:root:Table Accuracy: 0.7774838209152222
INFO:root:Attribute Accuracy: 0.7513912320137024
INFO:root:Function Accuracy: nan
DEBUG:urllib3.connectionpool:Starting new HTTPS connection (1): huggingface.co:443
DEBUG:urllib3.connectionpool:https://huggingface.co:443 "HEAD /bert-base-uncased/resolve/main/config.json HTTP/1.1" 200 0
INFO:root:RESQUE_BERT_FREEZED_4_0.pt
INFO:root:Statistics:
INFO:root:Predictions: tensor([0., 0., 0.,  ..., 1., 1., 1.], device='cuda:0')
INFO:root:Labels: tensor([1., 1., 0.,  ..., 1., 1., 1.], device='cuda:0')
INFO:root:Total Accuracy: 0.744330883026123
INFO:root:Table Accuracy: 0.7448478937149048
INFO:root:Attribute Accuracy: 0.744131326675415
INFO:root:Function Accuracy: nan
DEBUG:urllib3.connectionpool:Starting new HTTPS connection (1): huggingface.co:443
DEBUG:urllib3.connectionpool:https://huggingface.co:443 "HEAD /bert-base-uncased/resolve/main/config.json HTTP/1.1" 200 0
INFO:root:RESQUE_BERT_FREEZED_4_1.pt
INFO:root:Statistics:
INFO:root:Predictions: tensor([0., 0., 0.,  ..., 1., 1., 0.], device='cuda:0')
INFO:root:Labels: tensor([1., 1., 0.,  ..., 1., 1., 1.], device='cuda:0')
INFO:root:Total Accuracy: 0.7777020335197449
INFO:root:Table Accuracy: 0.7836477160453796
INFO:root:Attribute Accuracy: 0.7754068970680237
INFO:root:Function Accuracy: nan
DEBUG:urllib3.connectionpool:Starting new HTTPS connection (1): huggingface.co:443
DEBUG:urllib3.connectionpool:https://huggingface.co:443 "HEAD /bert-base-uncased/resolve/main/config.json HTTP/1.1" 200 0
INFO:root:RESQUE_BERT_FREEZED_3_0.pt
INFO:root:Statistics:
INFO:root:Predictions: tensor([0., 0., 0.,  ..., 1., 1., 1.], device='cuda:0')
INFO:root:Labels: tensor([1., 1., 0.,  ..., 1., 1., 1.], device='cuda:0')
INFO:root:Total Accuracy: 0.7290473580360413
INFO:root:Table Accuracy: 0.7229666709899902
INFO:root:Attribute Accuracy: 0.7313947677612305
INFO:root:Function Accuracy: nan
DEBUG:urllib3.connectionpool:Starting new HTTPS connection (1): huggingface.co:443
DEBUG:urllib3.connectionpool:https://huggingface.co:443 "HEAD /bert-base-uncased/resolve/main/config.json HTTP/1.1" 200 0
INFO:root:RESQUE_BERT_FREEZED_3_1.pt
INFO:root:Statistics:
INFO:root:Predictions: tensor([0., 0., 0.,  ..., 1., 1., 1.], device='cuda:0')
INFO:root:Labels: tensor([1., 1., 0.,  ..., 1., 1., 1.], device='cuda:0')
INFO:root:Total Accuracy: 0.7526677250862122
INFO:root:Table Accuracy: 0.7658853530883789
INFO:root:Attribute Accuracy: 0.7475653290748596
INFO:root:Function Accuracy: nan
DEBUG:urllib3.connectionpool:Starting new HTTPS connection (1): huggingface.co:443
DEBUG:urllib3.connectionpool:https://huggingface.co:443 "HEAD /bert-base-uncased/resolve/main/config.json HTTP/1.1" 200 0
INFO:root:RESQUE_BERT_FREEZED_2_0.pt
INFO:root:Statistics:
INFO:root:Predictions: tensor([0., 0., 0.,  ..., 1., 1., 1.], device='cuda:0')
INFO:root:Labels: tensor([1., 1., 0.,  ..., 1., 1., 1.], device='cuda:0')
INFO:root:Total Accuracy: 0.7370416522026062
INFO:root:Table Accuracy: 0.7400426268577576
INFO:root:Attribute Accuracy: 0.7358832359313965
INFO:root:Function Accuracy: nan
DEBUG:urllib3.connectionpool:Starting new HTTPS connection (1): huggingface.co:443
DEBUG:urllib3.connectionpool:https://huggingface.co:443 "HEAD /bert-base-uncased/resolve/main/config.json HTTP/1.1" 200 0
INFO:root:RESQUE_BERT_FREEZED_2_1.pt
INFO:root:Statistics:
INFO:root:Predictions: tensor([0., 0., 0.,  ..., 1., 1., 1.], device='cuda:0')
INFO:root:Labels: tensor([1., 1., 0.,  ..., 1., 1., 1.], device='cuda:0')
INFO:root:Total Accuracy: 0.755989670753479
INFO:root:Table Accuracy: 0.7696751952171326
INFO:root:Attribute Accuracy: 0.750706672668457
INFO:root:Function Accuracy: nan
INFO:root:Start logging at: Tue Jan 24 11:32:48 2023
DEBUG:urllib3.connectionpool:Starting new HTTPS connection (1): huggingface.co:443
DEBUG:urllib3.connectionpool:https://huggingface.co:443 "HEAD /bert-base-uncased/resolve/main/config.json HTTP/1.1" 200 0

INFO:root:Start logging at: Wed Jan 25 16:08:09 2023
INFO:root:Start logging at: Wed Jan 25 16:14:13 2023
DEBUG:urllib3.connectionpool:Starting new HTTPS connection (1): huggingface.co:443
DEBUG:urllib3.connectionpool:https://huggingface.co:443 "HEAD /bert-base-uncased/resolve/main/vocab.txt HTTP/1.1" 200 0
INFO:root:Start logging at: Wed Jan 25 16:18:20 2023
DEBUG:urllib3.connectionpool:Starting new HTTPS connection (1): huggingface.co:443
DEBUG:urllib3.connectionpool:https://huggingface.co:443 "HEAD /bert-base-uncased/resolve/main/config.json HTTP/1.1" 200 0
INFO:root:RESQUE_BERT_FREEZED_9_0.pt
INFO:root:Statistics:
INFO:root:Predictions: tensor([1., 0., 0.,  ..., 0., 1., 0.], device='cuda:0')
INFO:root:Labels: tensor([0., 1., 1.,  ..., 1., 1., 1.], device='cuda:0')
INFO:root:Total Accuracy: 0.5181374549865723
INFO:root:Table Accuracy: 0.5622748732566833
INFO:root:Attribute Accuracy: 0.5029265880584717
INFO:root:Function Accuracy: nan
DEBUG:urllib3.connectionpool:Starting new HTTPS connection (1): huggingface.co:443
DEBUG:urllib3.connectionpool:https://huggingface.co:443 "HEAD /bert-base-uncased/resolve/main/config.json HTTP/1.1" 200 0
INFO:root:RESQUE_BERT_FREEZED_7_1.pt
INFO:root:Statistics:
INFO:root:Predictions: tensor([1., 0., 0.,  ..., 0., 0., 0.], device='cuda:0')
INFO:root:Labels: tensor([0., 1., 1.,  ..., 1., 1., 1.], device='cuda:0')
INFO:root:Total Accuracy: 0.47698190808296204
INFO:root:Table Accuracy: 0.521873414516449
INFO:root:Attribute Accuracy: 0.46151119470596313
INFO:root:Function Accuracy: nan
DEBUG:urllib3.connectionpool:Starting new HTTPS connection (1): huggingface.co:443
DEBUG:urllib3.connectionpool:https://huggingface.co:443 "HEAD /bert-base-uncased/resolve/main/config.json HTTP/1.1" 200 0
INFO:root:RESQUE_BERT_FREEZED_7_0.pt
INFO:root:Statistics:
INFO:root:Predictions: tensor([1., 1., 0.,  ..., 0., 0., 0.], device='cuda:0')
INFO:root:Labels: tensor([0., 1., 1.,  ..., 1., 1., 1.], device='cuda:0')
INFO:root:Total Accuracy: 0.4738160967826843
INFO:root:Table Accuracy: 0.5241894125938416
INFO:root:Attribute Accuracy: 0.4564562141895294
INFO:root:Function Accuracy: nan
DEBUG:urllib3.connectionpool:Starting new HTTPS connection (1): huggingface.co:443
DEBUG:urllib3.connectionpool:https://huggingface.co:443 "HEAD /bert-base-uncased/resolve/main/config.json HTTP/1.1" 200 0
INFO:root:RESQUE_BERT_FREEZED_6_1.pt
INFO:root:Statistics:
INFO:root:Predictions: tensor([1., 1., 0.,  ..., 0., 0., 0.], device='cuda:0')
INFO:root:Labels: tensor([0., 1., 1.,  ..., 1., 1., 1.], device='cuda:0')
INFO:root:Total Accuracy: 0.49525126814842224
INFO:root:Table Accuracy: 0.5398867726325989
INFO:root:Attribute Accuracy: 0.4798687696456909
INFO:root:Function Accuracy: nan
DEBUG:urllib3.connectionpool:Starting new HTTPS connection (1): huggingface.co:443
DEBUG:urllib3.connectionpool:https://huggingface.co:443 "HEAD /bert-base-uncased/resolve/main/config.json HTTP/1.1" 200 0
INFO:root:RESQUE_BERT_FREEZED_6_0.pt
INFO:root:Statistics:
INFO:root:Predictions: tensor([1., 1., 1.,  ..., 1., 1., 0.], device='cuda:0')
INFO:root:Labels: tensor([0., 1., 1.,  ..., 1., 1., 1.], device='cuda:0')
INFO:root:Total Accuracy: 0.4864133894443512
INFO:root:Table Accuracy: 0.4951106905937195
INFO:root:Attribute Accuracy: 0.4834161102771759
INFO:root:Function Accuracy: nan
DEBUG:urllib3.connectionpool:Starting new HTTPS connection (1): huggingface.co:443
DEBUG:urllib3.connectionpool:https://huggingface.co:443 "HEAD /bert-base-uncased/resolve/main/config.json HTTP/1.1" 200 0
INFO:root:Start logging at: Wed Jan 25 16:22:28 2023
DEBUG:urllib3.connectionpool:Starting new HTTPS connection (1): huggingface.co:443
DEBUG:urllib3.connectionpool:https://huggingface.co:443 "HEAD /bert-base-uncased/resolve/main/config.json HTTP/1.1" 200 0
INFO:root:RESQUE_BERT_0.pt
INFO:root:Statistics:
INFO:root:Predictions: tensor([1., 1., 1.,  ..., 0., 0., 0.], device='cuda:0')
INFO:root:Labels: tensor([0., 1., 1.,  ..., 1., 1., 1.], device='cuda:0')
INFO:root:Total Accuracy: 0.5176757574081421
INFO:root:Table Accuracy: 0.5367987751960754
INFO:root:Attribute Accuracy: 0.5110855102539062
INFO:root:Function Accuracy: nan
DEBUG:urllib3.connectionpool:Starting new HTTPS connection (1): huggingface.co:443
DEBUG:urllib3.connectionpool:https://huggingface.co:443 "HEAD /bert-base-uncased/resolve/main/config.json HTTP/1.1" 200 0
INFO:root:RESQUE_BERT_FREEZED_1_0.pt
INFO:root:Statistics:
INFO:root:Predictions: tensor([0., 0., 0.,  ..., 0., 0., 0.], device='cuda:0')
INFO:root:Labels: tensor([0., 1., 1.,  ..., 1., 1., 1.], device='cuda:0')
INFO:root:Total Accuracy: 0.4691333472728729
INFO:root:Table Accuracy: 0.5241894125938416
INFO:root:Attribute Accuracy: 0.45015963912010193
INFO:root:Function Accuracy: nan
DEBUG:urllib3.connectionpool:Starting new HTTPS connection (1): huggingface.co:443
DEBUG:urllib3.connectionpool:https://huggingface.co:443 "HEAD /bert-base-uncased/resolve/main/config.json HTTP/1.1" 200 0
INFO:root:Start logging at: Wed Jan 25 16:25:10 2023
DEBUG:urllib3.connectionpool:Starting new HTTPS connection (1): huggingface.co:443
DEBUG:urllib3.connectionpool:https://huggingface.co:443 "HEAD /bert-base-uncased/resolve/main/config.json HTTP/1.1" 200 0
INFO:root:Freezing 0 layers!
INFO:root:----> Epoch 1
INFO:root:Start logging at: Wed Jan 25 17:09:01 2023
DEBUG:urllib3.connectionpool:Starting new HTTPS connection (1): huggingface.co:443
DEBUG:urllib3.connectionpool:https://huggingface.co:443 "HEAD /bert-base-uncased/resolve/main/config.json HTTP/1.1" 200 0
INFO:root:Start logging at: Wed Jan 25 22:34:01 2023
DEBUG:urllib3.connectionpool:Starting new HTTPS connection (1): huggingface.co:443
DEBUG:urllib3.connectionpool:https://huggingface.co:443 "HEAD /bert-base-uncased/resolve/main/config.json HTTP/1.1" 200 0
INFO:root:Freezing 0 layers!
INFO:root:----> Epoch 1
INFO:root:----> Epoch 2
INFO:root:Execution time for RESQUE_BERT_FREEZED_SQLSHARE_0 is 13.45576434135437 minutes
INFO:root:Start logging at: Wed Jan 25 22:47:56 2023
DEBUG:urllib3.connectionpool:Starting new HTTPS connection (1): huggingface.co:443
DEBUG:urllib3.connectionpool:https://huggingface.co:443 "HEAD /bert-base-uncased/resolve/main/config.json HTTP/1.1" 200 0
INFO:root:Freezing 0 layers!
INFO:root:----> Epoch 1
INFO:root:Start logging at: Wed Jan 25 22:51:41 2023
DEBUG:urllib3.connectionpool:Starting new HTTPS connection (1): huggingface.co:443
DEBUG:urllib3.connectionpool:https://huggingface.co:443 "HEAD /bert-base-uncased/resolve/main/config.json HTTP/1.1" 200 0
INFO:root:RESQUE_BERT_FREEZED_SQLSHARE_0_0.pt
INFO:root:Statistics:
INFO:root:Predictions: tensor([0., 0., 0.,  ..., 0., 0., 0.], device='cuda:0')
INFO:root:Labels: tensor([0., 1., 1.,  ..., 1., 1., 1.], device='cuda:0')
INFO:root:Total Accuracy: 0.6060546040534973
INFO:root:Table Accuracy: 0.6569737792015076
INFO:root:Attribute Accuracy: 0.5885065793991089
INFO:root:Function Accuracy: nan
INFO:root:Start logging at: Wed Jan 25 22:52:16 2023
DEBUG:urllib3.connectionpool:Starting new HTTPS connection (1): huggingface.co:443
DEBUG:urllib3.connectionpool:https://huggingface.co:443 "HEAD /bert-base-uncased/resolve/main/config.json HTTP/1.1" 200 0
INFO:root:RESQUE_BERT_FREEZED_SQLSHARE_0_1.pt
INFO:root:Statistics:
INFO:root:Predictions: tensor([0., 0., 0.,  ..., 0., 1., 0.], device='cuda:0')
INFO:root:Labels: tensor([0., 1., 1.,  ..., 1., 1., 1.], device='cuda:0')
INFO:root:Total Accuracy: 0.6178604364395142
INFO:root:Table Accuracy: 0.6562017798423767
INFO:root:Attribute Accuracy: 0.6046470403671265
INFO:root:Function Accuracy: nan
INFO:root:Start logging at: Wed Jan 25 23:00:05 2023
DEBUG:urllib3.connectionpool:Starting new HTTPS connection (1): huggingface.co:443
DEBUG:urllib3.connectionpool:https://huggingface.co:443 "HEAD /bert-base-uncased/resolve/main/config.json HTTP/1.1" 200 0
INFO:root:Freezing 0 layers!
INFO:root:----> Epoch 1
INFO:root:----> Epoch 2
INFO:root:----> Epoch 3
INFO:root:Execution time for RESQUE_BERT_FREEZED_SQLSHARE_0 is 20.199543623129525 minutes
INFO:root:Start logging at: Wed Jan 25 23:24:25 2023
DEBUG:urllib3.connectionpool:Starting new HTTPS connection (1): huggingface.co:443
DEBUG:urllib3.connectionpool:https://huggingface.co:443 "HEAD /bert-base-uncased/resolve/main/config.json HTTP/1.1" 200 0
INFO:root:RESQUE_BERT_FREEZED_SQLSHARE_0_2.pt
INFO:root:Statistics:
INFO:root:Predictions: tensor([0., 0., 0.,  ..., 0., 0., 0.], device='cuda:0')
INFO:root:Labels: tensor([0., 1., 1.,  ..., 1., 1., 1.], device='cuda:0')
INFO:root:Total Accuracy: 0.6154860854148865
INFO:root:Table Accuracy: 0.6487390995025635
INFO:root:Attribute Accuracy: 0.6040262579917908
INFO:root:Function Accuracy: nan
INFO:root:Start logging at: Mon Jan 30 08:39:55 2023
INFO:root:Start logging at: Mon Jan 30 08:41:18 2023
INFO:root:Start logging at: Mon Jan 30 08:42:46 2023
INFO:root:Start logging at: Mon Jan 30 08:45:35 2023
INFO:root:Start logging at: Mon Jan 30 09:02:21 2023
DEBUG:urllib3.connectionpool:Starting new HTTPS connection (1): huggingface.co:443
DEBUG:urllib3.connectionpool:https://huggingface.co:443 "HEAD /bert-base-uncased/resolve/main/vocab.txt HTTP/1.1" 200 0
INFO:root:Start logging at: Mon Jan 30 09:04:47 2023
DEBUG:urllib3.connectionpool:Starting new HTTPS connection (1): huggingface.co:443
DEBUG:urllib3.connectionpool:https://huggingface.co:443 "HEAD /bert-base-uncased/resolve/main/config.json HTTP/1.1" 200 0
INFO:root:Freezing 0 layers!
INFO:root:----> Epoch 1
INFO:root:----> Epoch 2
INFO:root:----> Epoch 3
INFO:root:Execution time for RESQUE_BERT_FREEZED_SQLSHARE_0 is 72.49336957534155 minutes
INFO:root:Start logging at: Mon Jan 30 10:17:43 2023
DEBUG:urllib3.connectionpool:Starting new HTTPS connection (1): huggingface.co:443
DEBUG:urllib3.connectionpool:https://huggingface.co:443 "HEAD /bert-base-uncased/resolve/main/config.json HTTP/1.1" 200 0
INFO:root:RESQUE_BERT_FREEZED_SQLSHARE_0_2.pt
INFO:root:Statistics:
INFO:root:Predictions: tensor([0., 0., 0.,  ..., 1., 1., 1.], device='cuda:0')
INFO:root:Labels: tensor([0., 1., 1.,  ..., 0., 1., 0.], device='cuda:0')
INFO:root:Total Accuracy: 0.6180722117424011
INFO:root:Table Accuracy: 0.6610600352287292
INFO:root:Attribute Accuracy: 0.601951003074646
INFO:root:Function Accuracy: nan
INFO:root:Start logging at: Mon Jan 30 10:21:05 2023
DEBUG:urllib3.connectionpool:Starting new HTTPS connection (1): huggingface.co:443
DEBUG:urllib3.connectionpool:https://huggingface.co:443 "HEAD /bert-base-uncased/resolve/main/config.json HTTP/1.1" 200 0
INFO:root:RESQUE_BERT_FREEZED_SQLSHARE_0_1.pt
INFO:root:Statistics:
INFO:root:Predictions: tensor([0., 0., 0.,  ..., 1., 1., 1.], device='cuda:0')
INFO:root:Labels: tensor([0., 1., 1.,  ..., 0., 1., 0.], device='cuda:0')
INFO:root:Total Accuracy: 0.6180722117424011
INFO:root:Table Accuracy: 0.6610600352287292
INFO:root:Attribute Accuracy: 0.601951003074646
INFO:root:Function Accuracy: nan
INFO:root:Start logging at: Mon Jan 30 10:23:14 2023
DEBUG:urllib3.connectionpool:Starting new HTTPS connection (1): huggingface.co:443
DEBUG:urllib3.connectionpool:https://huggingface.co:443 "HEAD /bert-base-uncased/resolve/main/config.json HTTP/1.1" 200 0
INFO:root:RESQUE_BERT_FREEZED_SQLSHARE_0_1.pt
INFO:root:Statistics:
INFO:root:Predictions: tensor([0., 0., 0.,  ..., 1., 1., 1.], device='cuda:0')
INFO:root:Labels: tensor([0., 1., 1.,  ..., 0., 1., 0.], device='cuda:0')
INFO:root:Total Accuracy: 0.6180722117424011
INFO:root:Table Accuracy: 0.6610600352287292
INFO:root:Attribute Accuracy: 0.601951003074646
INFO:root:Function Accuracy: nan
INFO:root:Start logging at: Mon Jan 30 11:01:24 2023
INFO:root:Start logging at: Mon Jan 30 11:01:57 2023
INFO:root:Start logging at: Mon Jan 30 11:02:25 2023
DEBUG:urllib3.connectionpool:Starting new HTTPS connection (1): huggingface.co:443
DEBUG:urllib3.connectionpool:https://huggingface.co:443 "HEAD /bert-base-uncased/resolve/main/config.json HTTP/1.1" 200 0
INFO:root:Freezing 4 layers!
INFO:root:----> Epoch 1
INFO:root:----> Epoch 2
INFO:root:----> Epoch 3
INFO:root:Execution time for RESQUE_BERT_FREEZED_SQLSHARE_4 is 64.47352749109268 minutes
DEBUG:urllib3.connectionpool:Starting new HTTPS connection (1): huggingface.co:443
DEBUG:urllib3.connectionpool:https://huggingface.co:443 "HEAD /bert-base-uncased/resolve/main/config.json HTTP/1.1" 200 0
INFO:root:Freezing 3 layers!
INFO:root:----> Epoch 1
INFO:root:Start logging at: Mon Jan 30 12:19:38 2023
DEBUG:urllib3.connectionpool:Starting new HTTPS connection (1): huggingface.co:443
DEBUG:urllib3.connectionpool:https://huggingface.co:443 "HEAD /bert-base-uncased/resolve/main/config.json HTTP/1.1" 200 0
INFO:root:RESQUE_BERT_FREEZED_SQLSHARE_4_2.pt
INFO:root:Statistics:
INFO:root:Predictions: tensor([1., 0., 0.,  ..., 1., 1., 1.], device='cuda:0')
INFO:root:Labels: tensor([0., 1., 1.,  ..., 0., 1., 0.], device='cuda:0')
INFO:root:Total Accuracy: 0.624099850654602
INFO:root:Table Accuracy: 0.6677097678184509
INFO:root:Attribute Accuracy: 0.607745349407196
INFO:root:Function Accuracy: nan
INFO:root:Start logging at: Mon Jan 30 12:21:50 2023
DEBUG:urllib3.connectionpool:Starting new HTTPS connection (1): huggingface.co:443
DEBUG:urllib3.connectionpool:https://huggingface.co:443 "HEAD /bert-base-uncased/resolve/main/config.json HTTP/1.1" 200 0
INFO:root:Freezing 3 layers!
INFO:root:----> Epoch 1
INFO:root:----> Epoch 2
INFO:root:----> Epoch 3
INFO:root:Execution time for RESQUE_BERT_FREEZED_SQLSHARE_3 is 34.508048951625824 minutes
INFO:root:Start logging at: Mon Jan 30 13:28:21 2023
DEBUG:urllib3.connectionpool:Starting new HTTPS connection (1): huggingface.co:443
DEBUG:urllib3.connectionpool:https://huggingface.co:443 "HEAD /bert-base-uncased/resolve/main/config.json HTTP/1.1" 200 0
INFO:root:RESQUE_BERT_FREEZED_SQLSHARE_3_2.pt
INFO:root:Statistics:
INFO:root:Predictions: tensor([1., 0., 0.,  ..., 1., 1., 1.], device='cuda:0')
INFO:root:Labels: tensor([0., 1., 1.,  ..., 0., 1., 0.], device='cuda:0')
INFO:root:Total Accuracy: 0.6348749399185181
INFO:root:Table Accuracy: 0.6950909495353699
INFO:root:Attribute Accuracy: 0.6122928261756897
INFO:root:Function Accuracy: nan
INFO:root:Start logging at: Mon Jan 30 13:34:33 2023
DEBUG:urllib3.connectionpool:Starting new HTTPS connection (1): huggingface.co:443
DEBUG:urllib3.connectionpool:https://huggingface.co:443 "HEAD /bert-base-uncased/resolve/main/config.json HTTP/1.1" 200 0
INFO:root:Freezing 3 layers!
INFO:root:----> Epoch 1
INFO:root:----> Epoch 2
INFO:root:Execution time for RESQUE_BERT_FREEZED_SQLSHARE_3 is 46.62959127426147 minutes
INFO:root:Start logging at: Mon Jan 30 14:22:10 2023
DEBUG:urllib3.connectionpool:Starting new HTTPS connection (1): huggingface.co:443
DEBUG:urllib3.connectionpool:https://huggingface.co:443 "HEAD /bert-base-uncased/resolve/main/config.json HTTP/1.1" 200 0
INFO:root:RESQUE_BERT_FREEZED_SQLSHARE_3_1.pt
INFO:root:Statistics:
INFO:root:Predictions: tensor([1., 0., 0.,  ..., 1., 1., 1.], device='cuda:0')
INFO:root:Labels: tensor([0., 1., 1.,  ..., 0., 1., 0.], device='cuda:0')
INFO:root:Total Accuracy: 0.6329545974731445
INFO:root:Table Accuracy: 0.6823782324790955
INFO:root:Attribute Accuracy: 0.6144198179244995
INFO:root:Function Accuracy: nan
INFO:root:Start logging at: Mon Jan 30 14:26:35 2023
DEBUG:urllib3.connectionpool:Starting new HTTPS connection (1): huggingface.co:443
DEBUG:urllib3.connectionpool:https://huggingface.co:443 "HEAD /bert-base-uncased/resolve/main/config.json HTTP/1.1" 200 0
INFO:root:RESQUE_BERT_FREEZED_SQLSHARE_3_0.pt
INFO:root:Statistics:
INFO:root:Predictions: tensor([0., 0., 0.,  ..., 1., 1., 1.], device='cuda:0')
INFO:root:Labels: tensor([0., 1., 1.,  ..., 0., 1., 0.], device='cuda:0')
INFO:root:Total Accuracy: 0.6370619535446167
INFO:root:Table Accuracy: 0.6970467567443848
INFO:root:Attribute Accuracy: 0.6145665049552917
INFO:root:Function Accuracy: nan
INFO:root:Start logging at: Mon Jan 30 14:33:40 2023
DEBUG:urllib3.connectionpool:Starting new HTTPS connection (1): huggingface.co:443
DEBUG:urllib3.connectionpool:https://huggingface.co:443 "HEAD /bert-base-uncased/resolve/main/config.json HTTP/1.1" 200 0
INFO:root:Freezing 2 layers!
INFO:root:----> Epoch 1
INFO:root:----> Epoch 2
INFO:root:Execution time for RESQUE_BERT_FREEZED_SQLSHARE_2 is 46.52871141433716 minutes
INFO:root:Start logging at: Mon Jan 30 15:21:29 2023
INFO:root:Start logging at: Mon Jan 30 15:21:55 2023
INFO:root:Start logging at: Mon Jan 30 15:22:52 2023
DEBUG:urllib3.connectionpool:Starting new HTTPS connection (1): huggingface.co:443
DEBUG:urllib3.connectionpool:https://huggingface.co:443 "HEAD /bert-base-uncased/resolve/main/config.json HTTP/1.1" 200 0
INFO:root:RESQUE_BERT_FREEZED_SQLSHARE_2_1.pt
INFO:root:Statistics:
INFO:root:Predictions: tensor([1., 0., 0.,  ..., 1., 1., 1.], device='cuda:0')
INFO:root:Labels: tensor([0., 1., 1.,  ..., 0., 1., 0.], device='cuda:0')
INFO:root:Total Accuracy: 0.613484799861908
INFO:root:Table Accuracy: 0.6526501178741455
INFO:root:Attribute Accuracy: 0.5987971425056458
INFO:root:Function Accuracy: nan
INFO:root:Start logging at: Mon Jan 30 15:41:03 2023
DEBUG:urllib3.connectionpool:Starting new HTTPS connection (1): huggingface.co:443
DEBUG:urllib3.connectionpool:https://huggingface.co:443 "HEAD /bert-base-uncased/resolve/main/config.json HTTP/1.1" 200 0
INFO:root:Freezing 5 layers!
INFO:root:----> Epoch 1
INFO:root:Start logging at: Mon Jan 30 15:41:54 2023
DEBUG:urllib3.connectionpool:Starting new HTTPS connection (1): huggingface.co:443
DEBUG:urllib3.connectionpool:https://huggingface.co:443 "HEAD /bert-base-uncased/resolve/main/config.json HTTP/1.1" 200 0
INFO:root:Freezing 6 layers!
INFO:root:----> Epoch 1
INFO:root:----> Epoch 2
INFO:root:Execution time for RESQUE_BERT_FREEZED_SQLSHARE_6 is 43.16334652900696 minutes
DEBUG:urllib3.connectionpool:Starting new HTTPS connection (1): huggingface.co:443
DEBUG:urllib3.connectionpool:https://huggingface.co:443 "HEAD /bert-base-uncased/resolve/main/config.json HTTP/1.1" 200 0
INFO:root:Freezing 5 layers!
INFO:root:----> Epoch 1
INFO:root:----> Epoch 2
INFO:root:Execution time for RESQUE_BERT_FREEZED_SQLSHARE_5 is 44.03262678384781 minutes
INFO:root:Start logging at: Mon Jan 30 17:18:19 2023
DEBUG:urllib3.connectionpool:Starting new HTTPS connection (1): huggingface.co:443
DEBUG:urllib3.connectionpool:https://huggingface.co:443 "HEAD /bert-base-uncased/resolve/main/config.json HTTP/1.1" 200 0
INFO:root:RESQUE_BERT_FREEZED_SQLSHARE_5_1.pt
INFO:root:Statistics:
INFO:root:Predictions: tensor([1., 0., 0.,  ..., 1., 1., 1.], device='cuda:0')
INFO:root:Labels: tensor([0., 1., 1.,  ..., 0., 1., 0.], device='cuda:0')
INFO:root:Total Accuracy: 0.6054835319519043
INFO:root:Table Accuracy: 0.6532368659973145
INFO:root:Attribute Accuracy: 0.5875751972198486
INFO:root:Function Accuracy: nan
DEBUG:urllib3.connectionpool:Starting new HTTPS connection (1): huggingface.co:443
DEBUG:urllib3.connectionpool:https://huggingface.co:443 "HEAD /bert-base-uncased/resolve/main/config.json HTTP/1.1" 200 0
INFO:root:RESQUE_BERT_FREEZED_SQLSHARE_6_1.pt
INFO:root:Statistics:
INFO:root:Predictions: tensor([1., 0., 0.,  ..., 1., 1., 1.], device='cuda:0')
INFO:root:Labels: tensor([0., 1., 1.,  ..., 0., 1., 0.], device='cuda:0')
INFO:root:Total Accuracy: 0.6223928928375244
INFO:root:Table Accuracy: 0.6759241223335266
INFO:root:Attribute Accuracy: 0.602317750453949
INFO:root:Function Accuracy: nan
INFO:root:Start logging at: Mon Jan 30 17:23:17 2023
DEBUG:urllib3.connectionpool:Starting new HTTPS connection (1): huggingface.co:443
DEBUG:urllib3.connectionpool:https://huggingface.co:443 "HEAD /bert-base-uncased/resolve/main/config.json HTTP/1.1" 200 0
INFO:root:Start logging at: Mon Jan 30 17:23:38 2023
DEBUG:urllib3.connectionpool:Starting new HTTPS connection (1): huggingface.co:443
DEBUG:urllib3.connectionpool:https://huggingface.co:443 "HEAD /bert-base-uncased/resolve/main/config.json HTTP/1.1" 200 0
INFO:root:Freezing 6 layers!
INFO:root:----> Epoch 1
INFO:root:----> Epoch 2
INFO:root:Execution time for RESQUE_BERT_FREEZED_SQLSHARE_6 is 34.60928438901901 minutes
INFO:root:Start logging at: Mon Jan 30 18:01:57 2023
DEBUG:urllib3.connectionpool:Starting new HTTPS connection (1): huggingface.co:443
DEBUG:urllib3.connectionpool:https://huggingface.co:443 "HEAD /bert-base-uncased/resolve/main/config.json HTTP/1.1" 200 0
INFO:root:RESQUE_BERT_FREEZED_SQLSHARE_6_1.pt
INFO:root:Statistics:
INFO:root:Predictions: tensor([1., 0., 0.,  ..., 1., 1., 1.], device='cuda:0')
INFO:root:Labels: tensor([0., 1., 1.,  ..., 0., 1., 0.], device='cuda:0')
INFO:root:Total Accuracy: 0.6324211955070496
INFO:root:Table Accuracy: 0.6751418113708496
INFO:root:Attribute Accuracy: 0.6164001822471619
INFO:root:Function Accuracy: nan
INFO:root:Start logging at: Mon Jan 30 18:02:53 2023
DEBUG:urllib3.connectionpool:Starting new HTTPS connection (1): huggingface.co:443
DEBUG:urllib3.connectionpool:https://huggingface.co:443 "HEAD /bert-base-uncased/resolve/main/config.json HTTP/1.1" 200 0
INFO:root:RESQUE_BERT_FREEZED_SQLSHARE_6_0.pt
INFO:root:Statistics:
INFO:root:Predictions: tensor([1., 0., 0.,  ..., 1., 1., 1.], device='cuda:0')
INFO:root:Labels: tensor([0., 1., 1.,  ..., 0., 1., 0.], device='cuda:0')
INFO:root:Total Accuracy: 0.629700779914856
INFO:root:Table Accuracy: 0.6765108704566956
INFO:root:Attribute Accuracy: 0.6121461391448975
INFO:root:Function Accuracy: nan
INFO:root:Start logging at: Mon Jan 30 18:04:59 2023
DEBUG:urllib3.connectionpool:Starting new HTTPS connection (1): huggingface.co:443
DEBUG:urllib3.connectionpool:https://huggingface.co:443 "HEAD /bert-base-uncased/resolve/main/config.json HTTP/1.1" 200 0
INFO:root:RESQUE_BERT_FREEZED_SQLSHARE_6_0.pt
INFO:root:Start logging at: Mon Jan 30 18:15:12 2023
DEBUG:urllib3.connectionpool:Starting new HTTPS connection (1): huggingface.co:443
DEBUG:urllib3.connectionpool:https://huggingface.co:443 "HEAD /bert-base-uncased/resolve/main/config.json HTTP/1.1" 200 0
INFO:root:Start logging at: Tue Jan 31 09:34:24 2023
DEBUG:urllib3.connectionpool:Starting new HTTPS connection (1): huggingface.co:443
DEBUG:urllib3.connectionpool:https://huggingface.co:443 "HEAD /bert-base-uncased/resolve/main/vocab.txt HTTP/1.1" 200 0
INFO:root:Start logging at: Tue Jan 31 09:53:31 2023
INFO:root:Start logging at: Tue Jan 31 09:53:49 2023
INFO:root:Start logging at: Tue Jan 31 09:55:07 2023
DEBUG:urllib3.connectionpool:Starting new HTTPS connection (1): huggingface.co:443
DEBUG:urllib3.connectionpool:https://huggingface.co:443 "HEAD /bert-base-uncased/resolve/main/config.json HTTP/1.1" 200 0
INFO:root:RESQUE_BERT_FREEZED_SQLSHARE_6_0.pt
INFO:root:Statistics:
INFO:root:Predictions: tensor([0., 0., 0.,  ..., 1., 1., 1.], device='cuda:0')
INFO:root:Labels: tensor([0., 0., 0.,  ..., 1., 0., 0.], device='cuda:0')
INFO:root:Total Accuracy: 0.6104885339736938
INFO:root:Table Accuracy: 0.6372623443603516
INFO:root:Attribute Accuracy: 0.5996085405349731
INFO:root:Function Accuracy: nan
INFO:root:Start logging at: Tue Jan 31 09:56:46 2023
INFO:root:Start logging at: Tue Jan 31 09:57:57 2023
DEBUG:urllib3.connectionpool:Starting new HTTPS connection (1): huggingface.co:443
DEBUG:urllib3.connectionpool:https://huggingface.co:443 "HEAD /bert-base-uncased/resolve/main/config.json HTTP/1.1" 200 0
INFO:root:Freezing 3 layers!
INFO:root:----> Epoch 1
INFO:root:----> Epoch 2
INFO:root:----> Epoch 3
INFO:root:----> Epoch 4
INFO:root:Execution time for RESQUE_BERT_FREEZED_SQLSHARE_3 is 51.54932236274083 minutes
INFO:root:Start logging at: Tue Jan 31 10:52:58 2023
DEBUG:urllib3.connectionpool:Starting new HTTPS connection (1): huggingface.co:443
DEBUG:urllib3.connectionpool:https://huggingface.co:443 "HEAD /bert-base-uncased/resolve/main/config.json HTTP/1.1" 200 0
INFO:root:RESQUE_BERT_FREEZED_SQLSHARE_3_3.pt
INFO:root:Statistics:
INFO:root:Predictions: tensor([0., 0., 0.,  ..., 1., 1., 1.], device='cuda:0')
INFO:root:Labels: tensor([0., 1., 1.,  ..., 0., 1., 0.], device='cuda:0')
INFO:root:Total Accuracy: 0.6380220651626587
INFO:root:Table Accuracy: 0.6903970241546631
INFO:root:Attribute Accuracy: 0.6183805465698242
INFO:root:Function Accuracy: nan
INFO:root:Start logging at: Wed Feb  1 16:35:57 2023
DEBUG:urllib3.connectionpool:Starting new HTTPS connection (1): huggingface.co:443
DEBUG:urllib3.connectionpool:https://huggingface.co:443 "HEAD /bert-base-uncased/resolve/main/vocab.txt HTTP/1.1" 200 0
DEBUG:urllib3.connectionpool:Starting new HTTPS connection (1): huggingface.co:443
DEBUG:urllib3.connectionpool:https://huggingface.co:443 "HEAD /bert-base-uncased/resolve/main/vocab.txt HTTP/1.1" 200 0
DEBUG:urllib3.connectionpool:Starting new HTTPS connection (1): huggingface.co:443
DEBUG:urllib3.connectionpool:https://huggingface.co:443 "HEAD /bert-base-uncased/resolve/main/vocab.txt HTTP/1.1" 200 0
DEBUG:urllib3.connectionpool:Starting new HTTPS connection (1): huggingface.co:443
DEBUG:urllib3.connectionpool:https://huggingface.co:443 "HEAD /bert-base-uncased/resolve/main/vocab.txt HTTP/1.1" 200 0
DEBUG:urllib3.connectionpool:Starting new HTTPS connection (1): huggingface.co:443
INFO:root:Start logging at: Wed Feb  1 16:36:07 2023
DEBUG:urllib3.connectionpool:Starting new HTTPS connection (1): huggingface.co:443
DEBUG:urllib3.connectionpool:https://huggingface.co:443 "HEAD /bert-base-uncased/resolve/main/vocab.txt HTTP/1.1" 200 0
DEBUG:urllib3.connectionpool:Starting new HTTPS connection (1): huggingface.co:443
DEBUG:urllib3.connectionpool:https://huggingface.co:443 "HEAD /bert-base-uncased/resolve/main/vocab.txt HTTP/1.1" 200 0
DEBUG:urllib3.connectionpool:Starting new HTTPS connection (1): huggingface.co:443
DEBUG:urllib3.connectionpool:https://huggingface.co:443 "HEAD /bert-base-uncased/resolve/main/vocab.txt HTTP/1.1" 200 0
DEBUG:urllib3.connectionpool:Starting new HTTPS connection (1): huggingface.co:443
DEBUG:urllib3.connectionpool:https://huggingface.co:443 "HEAD /bert-base-uncased/resolve/main/vocab.txt HTTP/1.1" 200 0
DEBUG:urllib3.connectionpool:Starting new HTTPS connection (1): huggingface.co:443
DEBUG:urllib3.connectionpool:https://huggingface.co:443 "HEAD /bert-base-uncased/resolve/main/vocab.txt HTTP/1.1" 200 0
DEBUG:urllib3.connectionpool:Starting new HTTPS connection (1): huggingface.co:443
DEBUG:urllib3.connectionpool:https://huggingface.co:443 "HEAD /bert-base-uncased/resolve/main/vocab.txt HTTP/1.1" 200 0
DEBUG:urllib3.connectionpool:Starting new HTTPS connection (1): huggingface.co:443
DEBUG:urllib3.connectionpool:https://huggingface.co:443 "HEAD /microsoft/codebert-base/resolve/main/vocab.json HTTP/1.1" 200 0
DEBUG:urllib3.connectionpool:Starting new HTTPS connection (1): huggingface.co:443
DEBUG:urllib3.connectionpool:https://huggingface.co:443 "HEAD /microsoft/codebert-base/resolve/main/vocab.json HTTP/1.1" 200 0
DEBUG:urllib3.connectionpool:Starting new HTTPS connection (1): huggingface.co:443
DEBUG:urllib3.connectionpool:https://huggingface.co:443 "HEAD /microsoft/codebert-base/resolve/main/vocab.json HTTP/1.1" 200 0
INFO:root:Start logging at: Wed Feb  1 17:09:03 2023
DEBUG:urllib3.connectionpool:Starting new HTTPS connection (1): huggingface.co:443
DEBUG:urllib3.connectionpool:https://huggingface.co:443 "HEAD /bert-base-uncased/resolve/main/vocab.txt HTTP/1.1" 200 0
DEBUG:urllib3.connectionpool:Starting new HTTPS connection (1): huggingface.co:443
DEBUG:urllib3.connectionpool:https://huggingface.co:443 "HEAD /bert-base-uncased/resolve/main/vocab.txt HTTP/1.1" 200 0
DEBUG:urllib3.connectionpool:Starting new HTTPS connection (1): huggingface.co:443
DEBUG:urllib3.connectionpool:https://huggingface.co:443 "HEAD /bert-base-uncased/resolve/main/vocab.txt HTTP/1.1" 200 0
DEBUG:urllib3.connectionpool:Starting new HTTPS connection (1): huggingface.co:443
DEBUG:urllib3.connectionpool:https://huggingface.co:443 "HEAD /bert-base-uncased/resolve/main/vocab.txt HTTP/1.1" 200 0
DEBUG:urllib3.connectionpool:Starting new HTTPS connection (1): huggingface.co:443
DEBUG:urllib3.connectionpool:https://huggingface.co:443 "HEAD /bert-base-uncased/resolve/main/vocab.txt HTTP/1.1" 200 0
DEBUG:urllib3.connectionpool:Starting new HTTPS connection (1): huggingface.co:443
DEBUG:urllib3.connectionpool:https://huggingface.co:443 "HEAD /bert-base-uncased/resolve/main/vocab.txt HTTP/1.1" 200 0
DEBUG:urllib3.connectionpool:Starting new HTTPS connection (1): huggingface.co:443
DEBUG:urllib3.connectionpool:https://huggingface.co:443 "HEAD /microsoft/codebert-base/resolve/main/vocab.json HTTP/1.1" 200 0
DEBUG:urllib3.connectionpool:Starting new HTTPS connection (1): huggingface.co:443
DEBUG:urllib3.connectionpool:https://huggingface.co:443 "HEAD /microsoft/codebert-base/resolve/main/vocab.json HTTP/1.1" 200 0
DEBUG:urllib3.connectionpool:Starting new HTTPS connection (1): huggingface.co:443
DEBUG:urllib3.connectionpool:https://huggingface.co:443 "HEAD /microsoft/codebert-base/resolve/main/vocab.json HTTP/1.1" 200 0
INFO:root:Start logging at: Wed Feb  1 17:43:41 2023
DEBUG:urllib3.connectionpool:Starting new HTTPS connection (1): huggingface.co:443
DEBUG:urllib3.connectionpool:https://huggingface.co:443 "HEAD /bert-base-uncased/resolve/main/vocab.txt HTTP/1.1" 200 0
DEBUG:urllib3.connectionpool:Starting new HTTPS connection (1): huggingface.co:443
DEBUG:urllib3.connectionpool:https://huggingface.co:443 "HEAD /bert-base-uncased/resolve/main/vocab.txt HTTP/1.1" 200 0
DEBUG:urllib3.connectionpool:Starting new HTTPS connection (1): huggingface.co:443
DEBUG:urllib3.connectionpool:https://huggingface.co:443 "HEAD /bert-base-uncased/resolve/main/vocab.txt HTTP/1.1" 200 0
DEBUG:urllib3.connectionpool:Starting new HTTPS connection (1): huggingface.co:443
DEBUG:urllib3.connectionpool:https://huggingface.co:443 "HEAD /bert-base-uncased/resolve/main/vocab.txt HTTP/1.1" 200 0
DEBUG:urllib3.connectionpool:Starting new HTTPS connection (1): huggingface.co:443
DEBUG:urllib3.connectionpool:https://huggingface.co:443 "HEAD /bert-base-uncased/resolve/main/vocab.txt HTTP/1.1" 200 0
DEBUG:urllib3.connectionpool:Starting new HTTPS connection (1): huggingface.co:443
DEBUG:urllib3.connectionpool:https://huggingface.co:443 "HEAD /bert-base-uncased/resolve/main/vocab.txt HTTP/1.1" 200 0
DEBUG:urllib3.connectionpool:Starting new HTTPS connection (1): huggingface.co:443
DEBUG:urllib3.connectionpool:https://huggingface.co:443 "HEAD /microsoft/codebert-base/resolve/main/vocab.json HTTP/1.1" 200 0
DEBUG:urllib3.connectionpool:Starting new HTTPS connection (1): huggingface.co:443
DEBUG:urllib3.connectionpool:https://huggingface.co:443 "HEAD /microsoft/codebert-base/resolve/main/vocab.json HTTP/1.1" 200 0
DEBUG:urllib3.connectionpool:Starting new HTTPS connection (1): huggingface.co:443
DEBUG:urllib3.connectionpool:https://huggingface.co:443 "HEAD /microsoft/codebert-base/resolve/main/vocab.json HTTP/1.1" 200 0
INFO:root:Start logging at: Wed Feb  1 17:44:53 2023
DEBUG:urllib3.connectionpool:Starting new HTTPS connection (1): huggingface.co:443
DEBUG:urllib3.connectionpool:https://huggingface.co:443 "HEAD /bert-base-uncased/resolve/main/vocab.txt HTTP/1.1" 200 0
DEBUG:urllib3.connectionpool:Starting new HTTPS connection (1): huggingface.co:443
DEBUG:urllib3.connectionpool:https://huggingface.co:443 "HEAD /bert-base-uncased/resolve/main/vocab.txt HTTP/1.1" 200 0
DEBUG:urllib3.connectionpool:Starting new HTTPS connection (1): huggingface.co:443
DEBUG:urllib3.connectionpool:https://huggingface.co:443 "HEAD /bert-base-uncased/resolve/main/vocab.txt HTTP/1.1" 200 0
DEBUG:urllib3.connectionpool:Starting new HTTPS connection (1): huggingface.co:443
DEBUG:urllib3.connectionpool:https://huggingface.co:443 "HEAD /bert-base-uncased/resolve/main/vocab.txt HTTP/1.1" 200 0
DEBUG:urllib3.connectionpool:Starting new HTTPS connection (1): huggingface.co:443
DEBUG:urllib3.connectionpool:https://huggingface.co:443 "HEAD /bert-base-uncased/resolve/main/vocab.txt HTTP/1.1" 200 0
DEBUG:urllib3.connectionpool:Starting new HTTPS connection (1): huggingface.co:443
DEBUG:urllib3.connectionpool:https://huggingface.co:443 "HEAD /bert-base-uncased/resolve/main/vocab.txt HTTP/1.1" 200 0
DEBUG:urllib3.connectionpool:Starting new HTTPS connection (1): huggingface.co:443
DEBUG:urllib3.connectionpool:https://huggingface.co:443 "HEAD /microsoft/codebert-base/resolve/main/vocab.json HTTP/1.1" 200 0
DEBUG:urllib3.connectionpool:Starting new HTTPS connection (1): huggingface.co:443
DEBUG:urllib3.connectionpool:https://huggingface.co:443 "HEAD /microsoft/codebert-base/resolve/main/vocab.json HTTP/1.1" 200 0
DEBUG:urllib3.connectionpool:Starting new HTTPS connection (1): huggingface.co:443
DEBUG:urllib3.connectionpool:https://huggingface.co:443 "HEAD /microsoft/codebert-base/resolve/main/vocab.json HTTP/1.1" 200 0
INFO:root:Start logging at: Wed Feb  1 17:45:40 2023
DEBUG:urllib3.connectionpool:Starting new HTTPS connection (1): huggingface.co:443
DEBUG:urllib3.connectionpool:https://huggingface.co:443 "HEAD /bert-base-uncased/resolve/main/vocab.txt HTTP/1.1" 200 0
DEBUG:urllib3.connectionpool:Starting new HTTPS connection (1): huggingface.co:443
DEBUG:urllib3.connectionpool:https://huggingface.co:443 "HEAD /bert-base-uncased/resolve/main/vocab.txt HTTP/1.1" 200 0
DEBUG:urllib3.connectionpool:Starting new HTTPS connection (1): huggingface.co:443
DEBUG:urllib3.connectionpool:https://huggingface.co:443 "HEAD /bert-base-uncased/resolve/main/vocab.txt HTTP/1.1" 200 0
DEBUG:urllib3.connectionpool:Starting new HTTPS connection (1): huggingface.co:443
DEBUG:urllib3.connectionpool:https://huggingface.co:443 "HEAD /bert-base-uncased/resolve/main/vocab.txt HTTP/1.1" 200 0
DEBUG:urllib3.connectionpool:Starting new HTTPS connection (1): huggingface.co:443
DEBUG:urllib3.connectionpool:https://huggingface.co:443 "HEAD /bert-base-uncased/resolve/main/vocab.txt HTTP/1.1" 200 0
DEBUG:urllib3.connectionpool:Starting new HTTPS connection (1): huggingface.co:443
DEBUG:urllib3.connectionpool:https://huggingface.co:443 "HEAD /bert-base-uncased/resolve/main/vocab.txt HTTP/1.1" 200 0
DEBUG:urllib3.connectionpool:Starting new HTTPS connection (1): huggingface.co:443
DEBUG:urllib3.connectionpool:https://huggingface.co:443 "HEAD /microsoft/codebert-base/resolve/main/vocab.json HTTP/1.1" 200 0
DEBUG:urllib3.connectionpool:Starting new HTTPS connection (1): huggingface.co:443
DEBUG:urllib3.connectionpool:https://huggingface.co:443 "HEAD /microsoft/codebert-base/resolve/main/vocab.json HTTP/1.1" 200 0
DEBUG:urllib3.connectionpool:Starting new HTTPS connection (1): huggingface.co:443
DEBUG:urllib3.connectionpool:https://huggingface.co:443 "HEAD /microsoft/codebert-base/resolve/main/vocab.json HTTP/1.1" 200 0
INFO:root:Start logging at: Wed Feb  1 17:48:57 2023
DEBUG:urllib3.connectionpool:Starting new HTTPS connection (1): huggingface.co:443
DEBUG:urllib3.connectionpool:https://huggingface.co:443 "HEAD /bert-base-uncased/resolve/main/vocab.txt HTTP/1.1" 200 0
DEBUG:urllib3.connectionpool:Starting new HTTPS connection (1): huggingface.co:443
DEBUG:urllib3.connectionpool:https://huggingface.co:443 "HEAD /bert-base-uncased/resolve/main/vocab.txt HTTP/1.1" 200 0
DEBUG:urllib3.connectionpool:Starting new HTTPS connection (1): huggingface.co:443
DEBUG:urllib3.connectionpool:https://huggingface.co:443 "HEAD /bert-base-uncased/resolve/main/vocab.txt HTTP/1.1" 200 0
DEBUG:urllib3.connectionpool:Starting new HTTPS connection (1): huggingface.co:443
DEBUG:urllib3.connectionpool:https://huggingface.co:443 "HEAD /bert-base-uncased/resolve/main/vocab.txt HTTP/1.1" 200 0
DEBUG:urllib3.connectionpool:Starting new HTTPS connection (1): huggingface.co:443
DEBUG:urllib3.connectionpool:https://huggingface.co:443 "HEAD /bert-base-uncased/resolve/main/vocab.txt HTTP/1.1" 200 0
DEBUG:urllib3.connectionpool:Starting new HTTPS connection (1): huggingface.co:443
DEBUG:urllib3.connectionpool:https://huggingface.co:443 "HEAD /bert-base-uncased/resolve/main/vocab.txt HTTP/1.1" 200 0
DEBUG:urllib3.connectionpool:Starting new HTTPS connection (1): huggingface.co:443
DEBUG:urllib3.connectionpool:https://huggingface.co:443 "HEAD /microsoft/codebert-base/resolve/main/vocab.json HTTP/1.1" 200 0
DEBUG:urllib3.connectionpool:Starting new HTTPS connection (1): huggingface.co:443
DEBUG:urllib3.connectionpool:https://huggingface.co:443 "HEAD /microsoft/codebert-base/resolve/main/vocab.json HTTP/1.1" 200 0
DEBUG:urllib3.connectionpool:Starting new HTTPS connection (1): huggingface.co:443
DEBUG:urllib3.connectionpool:https://huggingface.co:443 "HEAD /microsoft/codebert-base/resolve/main/vocab.json HTTP/1.1" 200 0
INFO:root:Start logging at: Wed Feb  1 17:49:38 2023
DEBUG:urllib3.connectionpool:Starting new HTTPS connection (1): huggingface.co:443
DEBUG:urllib3.connectionpool:https://huggingface.co:443 "HEAD /bert-base-uncased/resolve/main/vocab.txt HTTP/1.1" 200 0
DEBUG:urllib3.connectionpool:Starting new HTTPS connection (1): huggingface.co:443
DEBUG:urllib3.connectionpool:https://huggingface.co:443 "HEAD /bert-base-uncased/resolve/main/vocab.txt HTTP/1.1" 200 0
DEBUG:urllib3.connectionpool:Starting new HTTPS connection (1): huggingface.co:443
DEBUG:urllib3.connectionpool:https://huggingface.co:443 "HEAD /bert-base-uncased/resolve/main/vocab.txt HTTP/1.1" 200 0
DEBUG:urllib3.connectionpool:Starting new HTTPS connection (1): huggingface.co:443
DEBUG:urllib3.connectionpool:https://huggingface.co:443 "HEAD /bert-base-uncased/resolve/main/vocab.txt HTTP/1.1" 200 0
DEBUG:urllib3.connectionpool:Starting new HTTPS connection (1): huggingface.co:443
DEBUG:urllib3.connectionpool:https://huggingface.co:443 "HEAD /bert-base-uncased/resolve/main/vocab.txt HTTP/1.1" 200 0
DEBUG:urllib3.connectionpool:Starting new HTTPS connection (1): huggingface.co:443
DEBUG:urllib3.connectionpool:https://huggingface.co:443 "HEAD /bert-base-uncased/resolve/main/vocab.txt HTTP/1.1" 200 0
DEBUG:urllib3.connectionpool:Starting new HTTPS connection (1): huggingface.co:443
DEBUG:urllib3.connectionpool:https://huggingface.co:443 "HEAD /microsoft/codebert-base/resolve/main/vocab.json HTTP/1.1" 200 0
DEBUG:urllib3.connectionpool:Starting new HTTPS connection (1): huggingface.co:443
DEBUG:urllib3.connectionpool:https://huggingface.co:443 "HEAD /microsoft/codebert-base/resolve/main/vocab.json HTTP/1.1" 200 0
DEBUG:urllib3.connectionpool:Starting new HTTPS connection (1): huggingface.co:443
DEBUG:urllib3.connectionpool:https://huggingface.co:443 "HEAD /microsoft/codebert-base/resolve/main/vocab.json HTTP/1.1" 200 0
INFO:root:Start logging at: Wed Feb  1 17:50:43 2023
DEBUG:urllib3.connectionpool:Starting new HTTPS connection (1): huggingface.co:443
DEBUG:urllib3.connectionpool:https://huggingface.co:443 "HEAD /bert-base-uncased/resolve/main/vocab.txt HTTP/1.1" 200 0
DEBUG:urllib3.connectionpool:Starting new HTTPS connection (1): huggingface.co:443
DEBUG:urllib3.connectionpool:https://huggingface.co:443 "HEAD /bert-base-uncased/resolve/main/vocab.txt HTTP/1.1" 200 0
DEBUG:urllib3.connectionpool:Starting new HTTPS connection (1): huggingface.co:443
DEBUG:urllib3.connectionpool:https://huggingface.co:443 "HEAD /bert-base-uncased/resolve/main/vocab.txt HTTP/1.1" 200 0
DEBUG:urllib3.connectionpool:Starting new HTTPS connection (1): huggingface.co:443
DEBUG:urllib3.connectionpool:https://huggingface.co:443 "HEAD /bert-base-uncased/resolve/main/vocab.txt HTTP/1.1" 200 0
DEBUG:urllib3.connectionpool:Starting new HTTPS connection (1): huggingface.co:443
DEBUG:urllib3.connectionpool:https://huggingface.co:443 "HEAD /bert-base-uncased/resolve/main/vocab.txt HTTP/1.1" 200 0
DEBUG:urllib3.connectionpool:Starting new HTTPS connection (1): huggingface.co:443
DEBUG:urllib3.connectionpool:https://huggingface.co:443 "HEAD /bert-base-uncased/resolve/main/vocab.txt HTTP/1.1" 200 0
DEBUG:urllib3.connectionpool:Starting new HTTPS connection (1): huggingface.co:443
DEBUG:urllib3.connectionpool:https://huggingface.co:443 "HEAD /microsoft/codebert-base/resolve/main/vocab.json HTTP/1.1" 200 0
DEBUG:urllib3.connectionpool:Starting new HTTPS connection (1): huggingface.co:443
DEBUG:urllib3.connectionpool:https://huggingface.co:443 "HEAD /microsoft/codebert-base/resolve/main/vocab.json HTTP/1.1" 200 0
DEBUG:urllib3.connectionpool:Starting new HTTPS connection (1): huggingface.co:443
DEBUG:urllib3.connectionpool:https://huggingface.co:443 "HEAD /microsoft/codebert-base/resolve/main/vocab.json HTTP/1.1" 200 0
INFO:root:Start logging at: Wed Feb  1 17:53:21 2023
DEBUG:urllib3.connectionpool:Starting new HTTPS connection (1): huggingface.co:443
DEBUG:urllib3.connectionpool:https://huggingface.co:443 "HEAD /bert-base-uncased/resolve/main/vocab.txt HTTP/1.1" 200 0
DEBUG:urllib3.connectionpool:Starting new HTTPS connection (1): huggingface.co:443
DEBUG:urllib3.connectionpool:https://huggingface.co:443 "HEAD /bert-base-uncased/resolve/main/vocab.txt HTTP/1.1" 200 0
DEBUG:urllib3.connectionpool:Starting new HTTPS connection (1): huggingface.co:443
DEBUG:urllib3.connectionpool:https://huggingface.co:443 "HEAD /bert-base-uncased/resolve/main/vocab.txt HTTP/1.1" 200 0
DEBUG:urllib3.connectionpool:Starting new HTTPS connection (1): huggingface.co:443
DEBUG:urllib3.connectionpool:https://huggingface.co:443 "HEAD /bert-base-uncased/resolve/main/vocab.txt HTTP/1.1" 200 0
DEBUG:urllib3.connectionpool:Starting new HTTPS connection (1): huggingface.co:443
DEBUG:urllib3.connectionpool:https://huggingface.co:443 "HEAD /bert-base-uncased/resolve/main/vocab.txt HTTP/1.1" 200 0
DEBUG:urllib3.connectionpool:Starting new HTTPS connection (1): huggingface.co:443
DEBUG:urllib3.connectionpool:https://huggingface.co:443 "HEAD /bert-base-uncased/resolve/main/vocab.txt HTTP/1.1" 200 0
DEBUG:urllib3.connectionpool:Starting new HTTPS connection (1): huggingface.co:443
DEBUG:urllib3.connectionpool:https://huggingface.co:443 "HEAD /microsoft/codebert-base/resolve/main/vocab.json HTTP/1.1" 200 0
DEBUG:urllib3.connectionpool:Starting new HTTPS connection (1): huggingface.co:443
DEBUG:urllib3.connectionpool:https://huggingface.co:443 "HEAD /microsoft/codebert-base/resolve/main/vocab.json HTTP/1.1" 200 0
DEBUG:urllib3.connectionpool:Starting new HTTPS connection (1): huggingface.co:443
DEBUG:urllib3.connectionpool:https://huggingface.co:443 "HEAD /microsoft/codebert-base/resolve/main/vocab.json HTTP/1.1" 200 0
INFO:root:Start logging at: Wed Feb  1 17:57:16 2023
DEBUG:urllib3.connectionpool:Starting new HTTPS connection (1): huggingface.co:443
DEBUG:urllib3.connectionpool:https://huggingface.co:443 "HEAD /bert-base-uncased/resolve/main/vocab.txt HTTP/1.1" 200 0
DEBUG:urllib3.connectionpool:Starting new HTTPS connection (1): huggingface.co:443
DEBUG:urllib3.connectionpool:https://huggingface.co:443 "HEAD /bert-base-uncased/resolve/main/vocab.txt HTTP/1.1" 200 0
DEBUG:urllib3.connectionpool:Starting new HTTPS connection (1): huggingface.co:443
DEBUG:urllib3.connectionpool:https://huggingface.co:443 "HEAD /bert-base-uncased/resolve/main/vocab.txt HTTP/1.1" 200 0
DEBUG:urllib3.connectionpool:Starting new HTTPS connection (1): huggingface.co:443
DEBUG:urllib3.connectionpool:https://huggingface.co:443 "HEAD /bert-base-uncased/resolve/main/vocab.txt HTTP/1.1" 200 0
DEBUG:urllib3.connectionpool:Starting new HTTPS connection (1): huggingface.co:443
DEBUG:urllib3.connectionpool:https://huggingface.co:443 "HEAD /bert-base-uncased/resolve/main/vocab.txt HTTP/1.1" 200 0
DEBUG:urllib3.connectionpool:Starting new HTTPS connection (1): huggingface.co:443
DEBUG:urllib3.connectionpool:https://huggingface.co:443 "HEAD /bert-base-uncased/resolve/main/vocab.txt HTTP/1.1" 200 0
DEBUG:urllib3.connectionpool:Starting new HTTPS connection (1): huggingface.co:443
DEBUG:urllib3.connectionpool:https://huggingface.co:443 "HEAD /microsoft/codebert-base/resolve/main/vocab.json HTTP/1.1" 200 0
DEBUG:urllib3.connectionpool:Starting new HTTPS connection (1): huggingface.co:443
DEBUG:urllib3.connectionpool:https://huggingface.co:443 "HEAD /microsoft/codebert-base/resolve/main/vocab.json HTTP/1.1" 200 0
DEBUG:urllib3.connectionpool:Starting new HTTPS connection (1): huggingface.co:443
DEBUG:urllib3.connectionpool:https://huggingface.co:443 "HEAD /microsoft/codebert-base/resolve/main/vocab.json HTTP/1.1" 200 0
INFO:root:Start logging at: Wed Feb  1 18:04:31 2023
DEBUG:urllib3.connectionpool:Starting new HTTPS connection (1): huggingface.co:443
DEBUG:urllib3.connectionpool:https://huggingface.co:443 "HEAD /bert-base-uncased/resolve/main/vocab.txt HTTP/1.1" 200 0
DEBUG:urllib3.connectionpool:Starting new HTTPS connection (1): huggingface.co:443
DEBUG:urllib3.connectionpool:https://huggingface.co:443 "HEAD /bert-base-uncased/resolve/main/vocab.txt HTTP/1.1" 200 0
DEBUG:urllib3.connectionpool:Starting new HTTPS connection (1): huggingface.co:443
DEBUG:urllib3.connectionpool:https://huggingface.co:443 "HEAD /bert-base-uncased/resolve/main/vocab.txt HTTP/1.1" 200 0
DEBUG:urllib3.connectionpool:Starting new HTTPS connection (1): huggingface.co:443
DEBUG:urllib3.connectionpool:https://huggingface.co:443 "HEAD /bert-base-uncased/resolve/main/vocab.txt HTTP/1.1" 200 0
DEBUG:urllib3.connectionpool:Starting new HTTPS connection (1): huggingface.co:443
DEBUG:urllib3.connectionpool:https://huggingface.co:443 "HEAD /bert-base-uncased/resolve/main/vocab.txt HTTP/1.1" 200 0
DEBUG:urllib3.connectionpool:Starting new HTTPS connection (1): huggingface.co:443
DEBUG:urllib3.connectionpool:https://huggingface.co:443 "HEAD /bert-base-uncased/resolve/main/vocab.txt HTTP/1.1" 200 0
DEBUG:urllib3.connectionpool:Starting new HTTPS connection (1): huggingface.co:443
DEBUG:urllib3.connectionpool:https://huggingface.co:443 "HEAD /microsoft/codebert-base/resolve/main/vocab.json HTTP/1.1" 200 0
DEBUG:urllib3.connectionpool:Starting new HTTPS connection (1): huggingface.co:443
DEBUG:urllib3.connectionpool:https://huggingface.co:443 "HEAD /microsoft/codebert-base/resolve/main/vocab.json HTTP/1.1" 200 0
DEBUG:urllib3.connectionpool:Starting new HTTPS connection (1): huggingface.co:443
DEBUG:urllib3.connectionpool:https://huggingface.co:443 "HEAD /microsoft/codebert-base/resolve/main/vocab.json HTTP/1.1" 200 0
INFO:root:Start logging at: Wed Feb  1 18:07:06 2023
DEBUG:urllib3.connectionpool:Starting new HTTPS connection (1): huggingface.co:443
DEBUG:urllib3.connectionpool:https://huggingface.co:443 "HEAD /bert-base-uncased/resolve/main/vocab.txt HTTP/1.1" 200 0
DEBUG:urllib3.connectionpool:Starting new HTTPS connection (1): huggingface.co:443
DEBUG:urllib3.connectionpool:https://huggingface.co:443 "HEAD /bert-base-uncased/resolve/main/vocab.txt HTTP/1.1" 200 0
DEBUG:urllib3.connectionpool:Starting new HTTPS connection (1): huggingface.co:443
DEBUG:urllib3.connectionpool:https://huggingface.co:443 "HEAD /bert-base-uncased/resolve/main/vocab.txt HTTP/1.1" 200 0
DEBUG:urllib3.connectionpool:Starting new HTTPS connection (1): huggingface.co:443
DEBUG:urllib3.connectionpool:https://huggingface.co:443 "HEAD /bert-base-uncased/resolve/main/vocab.txt HTTP/1.1" 200 0
DEBUG:urllib3.connectionpool:Starting new HTTPS connection (1): huggingface.co:443
DEBUG:urllib3.connectionpool:https://huggingface.co:443 "HEAD /bert-base-uncased/resolve/main/vocab.txt HTTP/1.1" 200 0
DEBUG:urllib3.connectionpool:Starting new HTTPS connection (1): huggingface.co:443
DEBUG:urllib3.connectionpool:https://huggingface.co:443 "HEAD /bert-base-uncased/resolve/main/vocab.txt HTTP/1.1" 200 0
DEBUG:urllib3.connectionpool:Starting new HTTPS connection (1): huggingface.co:443
DEBUG:urllib3.connectionpool:https://huggingface.co:443 "HEAD /microsoft/codebert-base/resolve/main/vocab.json HTTP/1.1" 200 0
DEBUG:urllib3.connectionpool:Starting new HTTPS connection (1): huggingface.co:443
DEBUG:urllib3.connectionpool:https://huggingface.co:443 "HEAD /microsoft/codebert-base/resolve/main/vocab.json HTTP/1.1" 200 0
DEBUG:urllib3.connectionpool:Starting new HTTPS connection (1): huggingface.co:443
DEBUG:urllib3.connectionpool:https://huggingface.co:443 "HEAD /microsoft/codebert-base/resolve/main/vocab.json HTTP/1.1" 200 0
INFO:root:Start logging at: Wed Feb  1 18:11:40 2023
INFO:root:Start logging at: Wed Feb  1 18:12:11 2023
INFO:root:Start logging at: Wed Feb  1 18:12:35 2023
DEBUG:urllib3.connectionpool:Starting new HTTPS connection (1): huggingface.co:443
DEBUG:urllib3.connectionpool:https://huggingface.co:443 "HEAD /bert-base-uncased/resolve/main/config.json HTTP/1.1" 200 0
INFO:root:Freezing 0 layers!
INFO:root:----> Epoch 1
INFO:root:----> Epoch 2
INFO:root:Execution time for RESQUE_BERT_FREEZED_SQLSHARE_0 is 24.715275239944457 minutes
INFO:root:Start logging at: Wed Feb  1 19:24:38 2023
DEBUG:urllib3.connectionpool:Starting new HTTPS connection (1): huggingface.co:443
DEBUG:urllib3.connectionpool:https://huggingface.co:443 "HEAD /bert-base-uncased/resolve/main/vocab.txt HTTP/1.1" 200 0
DEBUG:urllib3.connectionpool:Starting new HTTPS connection (1): huggingface.co:443
DEBUG:urllib3.connectionpool:https://huggingface.co:443 "HEAD /bert-base-uncased/resolve/main/vocab.txt HTTP/1.1" 200 0
DEBUG:urllib3.connectionpool:Starting new HTTPS connection (1): huggingface.co:443
DEBUG:urllib3.connectionpool:https://huggingface.co:443 "HEAD /bert-base-uncased/resolve/main/vocab.txt HTTP/1.1" 200 0
DEBUG:urllib3.connectionpool:Starting new HTTPS connection (1): huggingface.co:443
DEBUG:urllib3.connectionpool:https://huggingface.co:443 "HEAD /bert-base-uncased/resolve/main/vocab.txt HTTP/1.1" 200 0
DEBUG:urllib3.connectionpool:Starting new HTTPS connection (1): huggingface.co:443
DEBUG:urllib3.connectionpool:https://huggingface.co:443 "HEAD /bert-base-uncased/resolve/main/vocab.txt HTTP/1.1" 200 0
DEBUG:urllib3.connectionpool:Starting new HTTPS connection (1): huggingface.co:443
DEBUG:urllib3.connectionpool:https://huggingface.co:443 "HEAD /bert-base-uncased/resolve/main/vocab.txt HTTP/1.1" 200 0
DEBUG:urllib3.connectionpool:Starting new HTTPS connection (1): huggingface.co:443
DEBUG:urllib3.connectionpool:https://huggingface.co:443 "HEAD /microsoft/codebert-base/resolve/main/vocab.json HTTP/1.1" 200 0
DEBUG:urllib3.connectionpool:Starting new HTTPS connection (1): huggingface.co:443
DEBUG:urllib3.connectionpool:https://huggingface.co:443 "HEAD /microsoft/codebert-base/resolve/main/vocab.json HTTP/1.1" 200 0
DEBUG:urllib3.connectionpool:Starting new HTTPS connection (1): huggingface.co:443
DEBUG:urllib3.connectionpool:https://huggingface.co:443 "HEAD /microsoft/codebert-base/resolve/main/vocab.json HTTP/1.1" 200 0
INFO:root:Start logging at: Wed Feb  1 19:27:05 2023
DEBUG:urllib3.connectionpool:Starting new HTTPS connection (1): huggingface.co:443
DEBUG:urllib3.connectionpool:https://huggingface.co:443 "HEAD /bert-base-uncased/resolve/main/vocab.txt HTTP/1.1" 200 0
DEBUG:urllib3.connectionpool:Starting new HTTPS connection (1): huggingface.co:443
DEBUG:urllib3.connectionpool:https://huggingface.co:443 "HEAD /bert-base-uncased/resolve/main/vocab.txt HTTP/1.1" 200 0
DEBUG:urllib3.connectionpool:Starting new HTTPS connection (1): huggingface.co:443
DEBUG:urllib3.connectionpool:https://huggingface.co:443 "HEAD /bert-base-uncased/resolve/main/vocab.txt HTTP/1.1" 200 0
DEBUG:urllib3.connectionpool:Starting new HTTPS connection (1): huggingface.co:443
DEBUG:urllib3.connectionpool:https://huggingface.co:443 "HEAD /bert-base-uncased/resolve/main/vocab.txt HTTP/1.1" 200 0
DEBUG:urllib3.connectionpool:Starting new HTTPS connection (1): huggingface.co:443
DEBUG:urllib3.connectionpool:https://huggingface.co:443 "HEAD /bert-base-uncased/resolve/main/vocab.txt HTTP/1.1" 200 0
DEBUG:urllib3.connectionpool:Starting new HTTPS connection (1): huggingface.co:443
DEBUG:urllib3.connectionpool:https://huggingface.co:443 "HEAD /bert-base-uncased/resolve/main/vocab.txt HTTP/1.1" 200 0
DEBUG:urllib3.connectionpool:Starting new HTTPS connection (1): huggingface.co:443
DEBUG:urllib3.connectionpool:https://huggingface.co:443 "HEAD /microsoft/codebert-base/resolve/main/vocab.json HTTP/1.1" 200 0
DEBUG:urllib3.connectionpool:Starting new HTTPS connection (1): huggingface.co:443
DEBUG:urllib3.connectionpool:https://huggingface.co:443 "HEAD /microsoft/codebert-base/resolve/main/vocab.json HTTP/1.1" 200 0
DEBUG:urllib3.connectionpool:Starting new HTTPS connection (1): huggingface.co:443
DEBUG:urllib3.connectionpool:https://huggingface.co:443 "HEAD /microsoft/codebert-base/resolve/main/vocab.json HTTP/1.1" 200 0
INFO:root:Start logging at: Wed Feb  1 19:28:29 2023
DEBUG:urllib3.connectionpool:Starting new HTTPS connection (1): huggingface.co:443
DEBUG:urllib3.connectionpool:https://huggingface.co:443 "HEAD /bert-base-uncased/resolve/main/config.json HTTP/1.1" 200 0
INFO:root:RESQUE_BERT_FREEZED_SQLSHARE_0_1.pt
INFO:root:Statistics:
INFO:root:Predictions: tensor([0., 0., 0.,  ..., 1., 1., 1.], device='cuda:0')
INFO:root:Labels: tensor([1., 1., 1.,  ..., 1., 1., 0.], device='cuda:0')
INFO:root:Total Accuracy: 0.6275819540023804
INFO:root:Table Accuracy: 0.6711085438728333
INFO:root:Attribute Accuracy: 0.6116415858268738
INFO:root:Function Accuracy: nan
INFO:root:Start logging at: Wed Feb  1 19:33:57 2023
DEBUG:urllib3.connectionpool:Starting new HTTPS connection (1): huggingface.co:443
DEBUG:urllib3.connectionpool:https://huggingface.co:443 "HEAD /bert-base-uncased/resolve/main/vocab.txt HTTP/1.1" 200 0
DEBUG:urllib3.connectionpool:Starting new HTTPS connection (1): huggingface.co:443
DEBUG:urllib3.connectionpool:https://huggingface.co:443 "HEAD /bert-base-uncased/resolve/main/vocab.txt HTTP/1.1" 200 0
DEBUG:urllib3.connectionpool:Starting new HTTPS connection (1): huggingface.co:443
DEBUG:urllib3.connectionpool:https://huggingface.co:443 "HEAD /bert-base-uncased/resolve/main/vocab.txt HTTP/1.1" 200 0
DEBUG:urllib3.connectionpool:Starting new HTTPS connection (1): huggingface.co:443
DEBUG:urllib3.connectionpool:https://huggingface.co:443 "HEAD /bert-base-uncased/resolve/main/vocab.txt HTTP/1.1" 200 0
DEBUG:urllib3.connectionpool:Starting new HTTPS connection (1): huggingface.co:443
DEBUG:urllib3.connectionpool:https://huggingface.co:443 "HEAD /bert-base-uncased/resolve/main/vocab.txt HTTP/1.1" 200 0
DEBUG:urllib3.connectionpool:Starting new HTTPS connection (1): huggingface.co:443
DEBUG:urllib3.connectionpool:https://huggingface.co:443 "HEAD /bert-base-uncased/resolve/main/vocab.txt HTTP/1.1" 200 0
DEBUG:urllib3.connectionpool:Starting new HTTPS connection (1): huggingface.co:443
DEBUG:urllib3.connectionpool:https://huggingface.co:443 "HEAD /microsoft/codebert-base/resolve/main/vocab.json HTTP/1.1" 200 0
DEBUG:urllib3.connectionpool:Starting new HTTPS connection (1): huggingface.co:443
DEBUG:urllib3.connectionpool:https://huggingface.co:443 "HEAD /microsoft/codebert-base/resolve/main/vocab.json HTTP/1.1" 200 0
DEBUG:urllib3.connectionpool:Starting new HTTPS connection (1): huggingface.co:443
DEBUG:urllib3.connectionpool:https://huggingface.co:443 "HEAD /microsoft/codebert-base/resolve/main/vocab.json HTTP/1.1" 200 0
INFO:root:Start logging at: Wed Feb  1 19:34:49 2023
DEBUG:urllib3.connectionpool:Starting new HTTPS connection (1): huggingface.co:443
DEBUG:urllib3.connectionpool:https://huggingface.co:443 "HEAD /bert-base-uncased/resolve/main/vocab.txt HTTP/1.1" 200 0
DEBUG:urllib3.connectionpool:Starting new HTTPS connection (1): huggingface.co:443
DEBUG:urllib3.connectionpool:https://huggingface.co:443 "HEAD /bert-base-uncased/resolve/main/vocab.txt HTTP/1.1" 200 0
DEBUG:urllib3.connectionpool:Starting new HTTPS connection (1): huggingface.co:443
DEBUG:urllib3.connectionpool:https://huggingface.co:443 "HEAD /bert-base-uncased/resolve/main/vocab.txt HTTP/1.1" 200 0
DEBUG:urllib3.connectionpool:Starting new HTTPS connection (1): huggingface.co:443
DEBUG:urllib3.connectionpool:https://huggingface.co:443 "HEAD /bert-base-uncased/resolve/main/vocab.txt HTTP/1.1" 200 0
DEBUG:urllib3.connectionpool:Starting new HTTPS connection (1): huggingface.co:443
DEBUG:urllib3.connectionpool:https://huggingface.co:443 "HEAD /bert-base-uncased/resolve/main/vocab.txt HTTP/1.1" 200 0
DEBUG:urllib3.connectionpool:Starting new HTTPS connection (1): huggingface.co:443
DEBUG:urllib3.connectionpool:https://huggingface.co:443 "HEAD /bert-base-uncased/resolve/main/vocab.txt HTTP/1.1" 200 0
DEBUG:urllib3.connectionpool:Starting new HTTPS connection (1): huggingface.co:443
DEBUG:urllib3.connectionpool:https://huggingface.co:443 "HEAD /microsoft/codebert-base/resolve/main/vocab.json HTTP/1.1" 200 0
DEBUG:urllib3.connectionpool:Starting new HTTPS connection (1): huggingface.co:443
DEBUG:urllib3.connectionpool:https://huggingface.co:443 "HEAD /microsoft/codebert-base/resolve/main/vocab.json HTTP/1.1" 200 0
DEBUG:urllib3.connectionpool:Starting new HTTPS connection (1): huggingface.co:443
DEBUG:urllib3.connectionpool:https://huggingface.co:443 "HEAD /microsoft/codebert-base/resolve/main/vocab.json HTTP/1.1" 200 0
INFO:root:Start logging at: Wed Feb  1 19:41:22 2023
DEBUG:urllib3.connectionpool:Starting new HTTPS connection (1): huggingface.co:443
DEBUG:urllib3.connectionpool:https://huggingface.co:443 "HEAD /bert-base-uncased/resolve/main/vocab.txt HTTP/1.1" 200 0
DEBUG:urllib3.connectionpool:Starting new HTTPS connection (1): huggingface.co:443
DEBUG:urllib3.connectionpool:https://huggingface.co:443 "HEAD /bert-base-uncased/resolve/main/vocab.txt HTTP/1.1" 200 0
DEBUG:urllib3.connectionpool:Starting new HTTPS connection (1): huggingface.co:443
DEBUG:urllib3.connectionpool:https://huggingface.co:443 "HEAD /bert-base-uncased/resolve/main/vocab.txt HTTP/1.1" 200 0
DEBUG:urllib3.connectionpool:Starting new HTTPS connection (1): huggingface.co:443
DEBUG:urllib3.connectionpool:https://huggingface.co:443 "HEAD /bert-base-uncased/resolve/main/vocab.txt HTTP/1.1" 200 0
DEBUG:urllib3.connectionpool:Starting new HTTPS connection (1): huggingface.co:443
DEBUG:urllib3.connectionpool:https://huggingface.co:443 "HEAD /bert-base-uncased/resolve/main/vocab.txt HTTP/1.1" 200 0
DEBUG:urllib3.connectionpool:Starting new HTTPS connection (1): huggingface.co:443
DEBUG:urllib3.connectionpool:https://huggingface.co:443 "HEAD /bert-base-uncased/resolve/main/vocab.txt HTTP/1.1" 200 0
DEBUG:urllib3.connectionpool:Starting new HTTPS connection (1): huggingface.co:443
DEBUG:urllib3.connectionpool:https://huggingface.co:443 "HEAD /microsoft/codebert-base/resolve/main/vocab.json HTTP/1.1" 200 0
DEBUG:urllib3.connectionpool:Starting new HTTPS connection (1): huggingface.co:443
DEBUG:urllib3.connectionpool:https://huggingface.co:443 "HEAD /microsoft/codebert-base/resolve/main/vocab.json HTTP/1.1" 200 0
DEBUG:urllib3.connectionpool:Starting new HTTPS connection (1): huggingface.co:443
DEBUG:urllib3.connectionpool:https://huggingface.co:443 "HEAD /microsoft/codebert-base/resolve/main/vocab.json HTTP/1.1" 200 0
INFO:root:Start logging at: Wed Feb  1 19:42:52 2023
DEBUG:urllib3.connectionpool:Starting new HTTPS connection (1): huggingface.co:443
DEBUG:urllib3.connectionpool:https://huggingface.co:443 "HEAD /bert-base-uncased/resolve/main/config.json HTTP/1.1" 200 0
INFO:root:Freezing 0 layers!
INFO:root:----> Epoch 1
INFO:root:----> Epoch 2
INFO:root:----> Epoch 3
INFO:root:----> Epoch 4
INFO:root:Execution time for RESQUE_BERT_FREEZED_SQLSHARE_0 is 55.32875647942225 minutes
INFO:root:Start logging at: Wed Feb  1 20:38:57 2023
DEBUG:urllib3.connectionpool:Starting new HTTPS connection (1): huggingface.co:443
DEBUG:urllib3.connectionpool:https://huggingface.co:443 "HEAD /bert-base-uncased/resolve/main/config.json HTTP/1.1" 200 0
INFO:root:RESQUE_BERT_FREEZED_SQLSHARE_0_3.pt
INFO:root:Statistics:
INFO:root:Predictions: tensor([0., 0., 0.,  ..., 1., 1., 1.], device='cuda:0')
INFO:root:Labels: tensor([1., 1., 1.,  ..., 1., 1., 0.], device='cuda:0')
INFO:root:Total Accuracy: 0.637158989906311
INFO:root:Table Accuracy: 0.6877172589302063
INFO:root:Attribute Accuracy: 0.6186434626579285
INFO:root:Function Accuracy: nan
INFO:root:Start logging at: Wed Feb  1 20:40:25 2023
DEBUG:urllib3.connectionpool:Starting new HTTPS connection (1): huggingface.co:443
DEBUG:urllib3.connectionpool:https://huggingface.co:443 "HEAD /bert-base-uncased/resolve/main/config.json HTTP/1.1" 200 0
INFO:root:RESQUE_BERT_FREEZED_SQLSHARE_0_2.pt
INFO:root:Statistics:
INFO:root:Predictions: tensor([0., 0., 0.,  ..., 1., 1., 1.], device='cuda:0')
INFO:root:Labels: tensor([1., 1., 1.,  ..., 1., 1., 0.], device='cuda:0')
INFO:root:Total Accuracy: 0.637158989906311
INFO:root:Table Accuracy: 0.6877172589302063
INFO:root:Attribute Accuracy: 0.6186434626579285
INFO:root:Function Accuracy: nan
INFO:root:Start logging at: Wed Feb  1 20:41:38 2023
DEBUG:urllib3.connectionpool:Starting new HTTPS connection (1): huggingface.co:443
DEBUG:urllib3.connectionpool:https://huggingface.co:443 "HEAD /bert-base-uncased/resolve/main/config.json HTTP/1.1" 200 0
INFO:root:Freezing 0 layers!
INFO:root:----> Epoch 1
INFO:root:----> Epoch 2
INFO:root:----> Epoch 3
INFO:root:----> Epoch 4
INFO:root:Execution time for RESQUE_BERT_FREEZED_SQLSHARE_0 is 61.405639564991 minutes
INFO:root:Start logging at: Wed Feb  1 23:13:03 2023
DEBUG:urllib3.connectionpool:Starting new HTTPS connection (1): huggingface.co:443
DEBUG:urllib3.connectionpool:https://huggingface.co:443 "HEAD /bert-base-uncased/resolve/main/config.json HTTP/1.1" 200 0
INFO:root:RESQUE_BERT_FREEZED_SQLSHARE_0_3.pt
INFO:root:Statistics:
INFO:root:Predictions: tensor([0., 0., 0.,  ..., 1., 1., 1.], device='cuda:0')
INFO:root:Labels: tensor([1., 1., 1.,  ..., 1., 1., 0.], device='cuda:0')
INFO:root:Total Accuracy: 0.6646477580070496
INFO:root:Table Accuracy: 0.6935110092163086
INFO:root:Attribute Accuracy: 0.654077410697937
INFO:root:Function Accuracy: nan
INFO:root:Start logging at: Wed Feb  1 23:23:47 2023
DEBUG:urllib3.connectionpool:Starting new HTTPS connection (1): huggingface.co:443
DEBUG:urllib3.connectionpool:https://huggingface.co:443 "HEAD /bert-base-uncased/resolve/main/config.json HTTP/1.1" 200 0
INFO:root:RESQUE_BERT_FREEZED_SQLSHARE_0_2.pt
INFO:root:Statistics:
INFO:root:Predictions: tensor([0., 0., 0.,  ..., 1., 1., 1.], device='cuda:0')
INFO:root:Labels: tensor([1., 1., 1.,  ..., 1., 1., 0.], device='cuda:0')
INFO:root:Total Accuracy: 0.6646477580070496
INFO:root:Table Accuracy: 0.6935110092163086
INFO:root:Attribute Accuracy: 0.654077410697937
INFO:root:Function Accuracy: nan
INFO:root:Start logging at: Wed Feb  1 23:28:44 2023
DEBUG:urllib3.connectionpool:Starting new HTTPS connection (1): huggingface.co:443
DEBUG:urllib3.connectionpool:https://huggingface.co:443 "HEAD /bert-base-uncased/resolve/main/config.json HTTP/1.1" 200 0
INFO:root:Freezing 3 layers!
INFO:root:----> Epoch 1
INFO:root:----> Epoch 2
INFO:root:----> Epoch 3
INFO:root:----> Epoch 4
INFO:root:Execution time for RESQUE_BERT_FREEZED_SQLSHARE_3 is 61.6438841621081 minutes
INFO:root:Start logging at: Thu Feb  2 00:34:10 2023
DEBUG:urllib3.connectionpool:Starting new HTTPS connection (1): huggingface.co:443
DEBUG:urllib3.connectionpool:https://huggingface.co:443 "HEAD /bert-base-uncased/resolve/main/config.json HTTP/1.1" 200 0
INFO:root:RESQUE_BERT_FREEZED_SQLSHARE_3_3.pt
INFO:root:Statistics:
INFO:root:Predictions: tensor([0., 0., 0.,  ..., 1., 1., 1.], device='cuda:0')
INFO:root:Labels: tensor([1., 1., 1.,  ..., 1., 1., 0.], device='cuda:0')
INFO:root:Total Accuracy: 0.6658901572227478
INFO:root:Table Accuracy: 0.7016222476959229
INFO:root:Attribute Accuracy: 0.6528043150901794
INFO:root:Function Accuracy: nan
INFO:root:Start logging at: Mon Feb 13 09:51:13 2023
INFO:root:Start logging at: Mon Feb 13 11:29:48 2023
INFO:root:Start logging at: Mon Feb 13 11:42:11 2023
INFO:root:Start logging at: Mon Feb 13 11:47:48 2023
INFO:root:Start logging at: Mon Feb 13 11:48:26 2023
INFO:root:Start logging at: Mon Feb 13 11:56:37 2023
INFO:root:Start logging at: Mon Feb 13 12:01:00 2023
INFO:root:Start logging at: Mon Feb 13 12:14:58 2023
INFO:root:Start logging at: Mon Feb 13 13:14:29 2023
INFO:root:Start logging at: Mon Feb 13 13:15:10 2023
INFO:root:Start logging at: Mon Feb 13 13:15:12 2023
INFO:root:Start logging at: Mon Feb 13 13:15:38 2023
INFO:root:Start logging at: Mon Feb 13 14:12:42 2023
INFO:root:Start logging at: Mon Feb 13 14:14:11 2023
INFO:root:Start logging at: Mon Feb 13 14:41:32 2023
INFO:root:Start logging at: Mon Feb 13 14:42:20 2023
INFO:root:Start logging at: Mon Feb 13 14:43:06 2023
INFO:root:Start logging at: Mon Feb 13 14:44:47 2023
INFO:root:Start logging at: Mon Feb 13 14:52:07 2023
ERROR:Parser:Not supported query type: selectspecobjid,psfmag_u-extinction_uasu' , psfmag_g - extinction_g as g ',psfmag_r-extinction_rasr' , psfmag_i - extinction_i as i ',psfmag_z-extinction_zasz' , specclass from specphotoall where specclass = NUM
INFO:root:Start logging at: Mon Feb 13 15:57:09 2023
INFO:root:Start logging at: Tue Feb 14 08:55:22 2023
INFO:root:Start logging at: Tue Feb 14 08:57:34 2023
ERROR:Parser:Not supported query type: selectspecobjid,psfmag_u-extinction_uasu' , psfmag_g - extinction_g as g ',psfmag_r-extinction_rasr' , psfmag_i - extinction_i as i ',psfmag_z-extinction_zasz' , specclass from specphotoall where specclass = NUM
INFO:root:Start logging at: Tue Feb 14 10:56:56 2023
INFO:root:Start logging at: Tue Feb 14 10:58:03 2023
